#
# There is insufficient memory for the Java Runtime Environment to continue.
# Native memory allocation (mmap) failed to map 2147483648 bytes for committing reserved memory.
# Possible reasons:
#   The system is out of physical RAM or swap space
#   The process is running with CompressedOops enabled, and the Java Heap may be blocking the growth of the native heap
# Possible solutions:
#   Reduce memory load on the system
#   Increase physical memory or swap space
#   Check if swap backing store is full
#   Decrease Java heap size (-Xmx/-Xms)
#   Decrease number of Java threads
#   Decrease Java thread stack sizes (-Xss)
#   Set larger code cache with -XX:ReservedCodeCacheSize=
# This output file may be truncated or incomplete.
#
#  Out of Memory Error (os_linux.cpp:2893), pid=11381, tid=11382
#
# JRE version:  (11.0.4+11) (build )
# Java VM: OpenJDK 64-Bit Server VM (11.0.4+11-post-Ubuntu-1ubuntu218.04.3, mixed mode, aot, sharing, tiered, compressed oops, g1 gc, linux-amd64)
# Core dump will be written. Default location: Core dumps may be processed with "/usr/share/apport/apport %p %s %c %d %P" (or dumping to /root/nqokrs/core.11381)
#

---------------  S U M M A R Y ------------

Command Line: -Xmx2048M -Xms2048M server.jar nogui

Host: Intel(R) Xeon(R) Gold 6140 CPU @ 2.30GHz, 2 cores, 1G, Ubuntu 18.04.3 LTS
Time: Fri Aug 30 06:18:45 2019 UTC elapsed time: 0 seconds (0d 0h 0m 0s)

---------------  T H R E A D  ---------------

Current thread (0x00007f3ea4011800):  JavaThread "Unknown thread" [_thread_in_vm, id=11382, stack(0x00007f3eabe57000,0x00007f3eabf58000)]

Stack: [0x00007f3eabe57000,0x00007f3eabf58000],  sp=0x00007f3eabf562c0,  free space=1020k
Native frames: (J=compiled Java code, A=aot compiled Java code, j=interpreted, Vv=VM code, C=native code)
V  [libjvm.so+0xde4547]
V  [libjvm.so+0xde519b]
V  [libjvm.so+0x6511a5]
V  [libjvm.so+0xbbed38]
V  [libjvm.so+0xbb5ebd]
V  [libjvm.so+0x76f53f]
V  [libjvm.so+0x76f7ae]
V  [libjvm.so+0x77b820]
V  [libjvm.so+0x7f6969]
V  [libjvm.so+0x7f75c2]
V  [libjvm.so+0x7f7a29]
V  [libjvm.so+0x72de6f]
V  [libjvm.so+0x72e55d]
V  [libjvm.so+0xd9ea32]
V  [libjvm.so+0xd9ecc6]
V  [libjvm.so+0x80f907]
V  [libjvm.so+0xd7d627]
V  [libjvm.so+0x8c8611]  JNI_CreateJavaVM+0x51
C  [libjli.so+0x4a66]
C  [libjli.so+0x92cd]


---------------  P R O C E S S  ---------------

Threads class SMR info:
_java_thread_list=0x000055f07fd23fb0, length=0, elements={
}

Java Threads: ( => current thread )

Other Threads:
  0x00007f3ea4027800 GCTaskThread "GC Thread#0" [stack: 0x00007f3e8c76b000,0x00007f3e8c86b000] [id=11383]
  0x00007f3ea405a000 ConcurrentGCThread "G1 Main Marker" [stack: 0x00007f3e8c067000,0x00007f3e8c167000] [id=11384]
  0x00007f3ea405c000 ConcurrentGCThread "G1 Conc#0" [stack: 0x00007f3e83700000,0x00007f3e83800000] [id=11385]

[error occurred during error reporting (printing all threads), id 0xb, SIGSEGV (0xb) at pc=0x00007f3eaa42b040]

VM state:not at safepoint (not fully initialized)

VM Mutex/Monitor currently owned by a thread:  ([mutex/lock_event])
[0x00007f3ea400e3f0] Heap_lock - owner thread: 0x00007f3ea4011800

Heap address: 0x0000000080000000, size: 2048 MB, Compressed Oops mode: Non-zero based: 0x0000000080000000
Narrow klass base: 0x0000000000000000, Narrow klass shift: 0

GC Heap History (0 events):
No events

Deoptimization events (0 events):
No events

Classes redefined (0 events):
No events

Internal exceptions (0 events):
No events

Events (0 events):
No events


Dynamic libraries:
55f07f29b000-55f07f29c000 r-xp 00000000 fc:01 258184                     /usr/lib/jvm/java-11-openjdk-amd64/bin/java
55f07f49c000-55f07f49d000 r--p 00001000 fc:01 258184                     /usr/lib/jvm/java-11-openjdk-amd64/bin/java
55f07f49d000-55f07f49e000 rw-p 00002000 fc:01 258184                     /usr/lib/jvm/java-11-openjdk-amd64/bin/java
55f07fd0c000-55f07fd2d000 rw-p 00000000 00:00 0                          [heap]
7f3e74000000-7f3e74021000 rw-p 00000000 00:00 0 
7f3e74021000-7f3e78000000 ---p 00000000 00:00 0 
7f3e7c000000-7f3e7c021000 rw-p 00000000 00:00 0 
7f3e7c021000-7f3e80000000 ---p 00000000 00:00 0 
7f3e814fc000-7f3e836fe000 rw-p 00000000 00:00 0 
7f3e836fe000-7f3e836ff000 ---p 00000000 00:00 0 
7f3e836ff000-7f3e83800000 rw-p 00000000 00:00 0 
7f3e83800000-7f3e88000000 ---p 00000000 00:00 0 
7f3e88000000-7f3e88021000 rw-p 00000000 00:00 0 
7f3e88021000-7f3e8c000000 ---p 00000000 00:00 0 
7f3e8c065000-7f3e8c066000 ---p 00000000 00:00 0 
7f3e8c066000-7f3e8c167000 rw-p 00000000 00:00 0 
7f3e8c167000-7f3e8c567000 ---p 00000000 00:00 0 
7f3e8c567000-7f3e8c769000 rw-p 00000000 00:00 0 
7f3e8c769000-7f3e8c76a000 ---p 00000000 00:00 0 
7f3e8c76a000-7f3e8c870000 rw-p 00000000 00:00 0 
7f3e8c870000-7f3e8c956000 ---p 00000000 00:00 0 
7f3e8c956000-7f3e8cbc6000 rwxp 00000000 00:00 0 
7f3e8cbc6000-7f3e8cee5000 ---p 00000000 00:00 0 
7f3e8cee5000-7f3e8d155000 rwxp 00000000 00:00 0 
7f3e8d155000-7f3e9441d000 ---p 00000000 00:00 0 
7f3e9441d000-7f3e9468d000 rwxp 00000000 00:00 0 
7f3e9468d000-7f3e9b956000 ---p 00000000 00:00 0 
7f3e9b956000-7f3ea4000000 r--s 00000000 fc:01 272621                     /usr/lib/jvm/java-11-openjdk-amd64/lib/modules
7f3ea4000000-7f3ea406f000 rw-p 00000000 00:00 0 
7f3ea406f000-7f3ea8000000 ---p 00000000 00:00 0 
7f3ea8028000-7f3ea802d000 rw-p 00000000 00:00 0 
7f3ea802d000-7f3ea8113000 ---p 00000000 00:00 0 
7f3ea8113000-7f3ea8118000 r-xp 00000000 fc:01 272603                     /usr/lib/jvm/java-11-openjdk-amd64/lib/libjimage.so
7f3ea8118000-7f3ea8317000 ---p 00005000 fc:01 272603                     /usr/lib/jvm/java-11-openjdk-amd64/lib/libjimage.so
7f3ea8317000-7f3ea8318000 r--p 00004000 fc:01 272603                     /usr/lib/jvm/java-11-openjdk-amd64/lib/libjimage.so
7f3ea8318000-7f3ea8319000 rw-p 00005000 fc:01 272603                     /usr/lib/jvm/java-11-openjdk-amd64/lib/libjimage.so
7f3ea8319000-7f3ea8320000 r-xp 00000000 fc:01 272620                     /usr/lib/jvm/java-11-openjdk-amd64/lib/libzip.so
7f3ea8320000-7f3ea851f000 ---p 00007000 fc:01 272620                     /usr/lib/jvm/java-11-openjdk-amd64/lib/libzip.so
7f3ea851f000-7f3ea8520000 r--p 00006000 fc:01 272620                     /usr/lib/jvm/java-11-openjdk-amd64/lib/libzip.so
7f3ea8520000-7f3ea8521000 rw-p 00007000 fc:01 272620                     /usr/lib/jvm/java-11-openjdk-amd64/lib/libzip.so
7f3ea8521000-7f3ea852c000 r-xp 00000000 fc:01 2093                       /lib/x86_64-linux-gnu/libnss_files-2.27.so
7f3ea852c000-7f3ea872b000 ---p 0000b000 fc:01 2093                       /lib/x86_64-linux-gnu/libnss_files-2.27.so
7f3ea872b000-7f3ea872c000 r--p 0000a000 fc:01 2093                       /lib/x86_64-linux-gnu/libnss_files-2.27.so
7f3ea872c000-7f3ea872d000 rw-p 0000b000 fc:01 2093                       /lib/x86_64-linux-gnu/libnss_files-2.27.so
7f3ea872d000-7f3ea8733000 rw-p 00000000 00:00 0 
7f3ea8733000-7f3ea874a000 r-xp 00000000 fc:01 2090                       /lib/x86_64-linux-gnu/libnsl-2.27.so
7f3ea874a000-7f3ea8949000 ---p 00017000 fc:01 2090                       /lib/x86_64-linux-gnu/libnsl-2.27.so
7f3ea8949000-7f3ea894a000 r--p 00016000 fc:01 2090                       /lib/x86_64-linux-gnu/libnsl-2.27.so
7f3ea894a000-7f3ea894b000 rw-p 00017000 fc:01 2090                       /lib/x86_64-linux-gnu/libnsl-2.27.so
7f3ea894b000-7f3ea894d000 rw-p 00000000 00:00 0 
7f3ea894d000-7f3ea8958000 r-xp 00000000 fc:01 2095                       /lib/x86_64-linux-gnu/libnss_nis-2.27.so
7f3ea8958000-7f3ea8b57000 ---p 0000b000 fc:01 2095                       /lib/x86_64-linux-gnu/libnss_nis-2.27.so
7f3ea8b57000-7f3ea8b58000 r--p 0000a000 fc:01 2095                       /lib/x86_64-linux-gnu/libnss_nis-2.27.so
7f3ea8b58000-7f3ea8b59000 rw-p 0000b000 fc:01 2095                       /lib/x86_64-linux-gnu/libnss_nis-2.27.so
7f3ea8b59000-7f3ea8b61000 r-xp 00000000 fc:01 2091                       /lib/x86_64-linux-gnu/libnss_compat-2.27.so
7f3ea8b61000-7f3ea8d61000 ---p 00008000 fc:01 2091                       /lib/x86_64-linux-gnu/libnss_compat-2.27.so
7f3ea8d61000-7f3ea8d62000 r--p 00008000 fc:01 2091                       /lib/x86_64-linux-gnu/libnss_compat-2.27.so
7f3ea8d62000-7f3ea8d63000 rw-p 00009000 fc:01 2091                       /lib/x86_64-linux-gnu/libnss_compat-2.27.so
7f3ea8d63000-7f3ea8d8c000 r-xp 00000000 fc:01 272599                     /usr/lib/jvm/java-11-openjdk-amd64/lib/libjava.so
7f3ea8d8c000-7f3ea8f8b000 ---p 00029000 fc:01 272599                     /usr/lib/jvm/java-11-openjdk-amd64/lib/libjava.so
7f3ea8f8b000-7f3ea8f8c000 r--p 00028000 fc:01 272599                     /usr/lib/jvm/java-11-openjdk-amd64/lib/libjava.so
7f3ea8f8c000-7f3ea8f8e000 rw-p 00029000 fc:01 272599                     /usr/lib/jvm/java-11-openjdk-amd64/lib/libjava.so
7f3ea8f8e000-7f3ea8f9b000 r-xp 00000000 fc:01 272619                     /usr/lib/jvm/java-11-openjdk-amd64/lib/libverify.so
7f3ea8f9b000-7f3ea919a000 ---p 0000d000 fc:01 272619                     /usr/lib/jvm/java-11-openjdk-amd64/lib/libverify.so
7f3ea919a000-7f3ea919c000 r--p 0000c000 fc:01 272619                     /usr/lib/jvm/java-11-openjdk-amd64/lib/libverify.so
7f3ea919c000-7f3ea919d000 rw-p 0000e000 fc:01 272619                     /usr/lib/jvm/java-11-openjdk-amd64/lib/libverify.so
7f3ea919d000-7f3ea91a4000 r-xp 00000000 fc:01 2180                       /lib/x86_64-linux-gnu/librt-2.27.so
7f3ea91a4000-7f3ea93a3000 ---p 00007000 fc:01 2180                       /lib/x86_64-linux-gnu/librt-2.27.so
7f3ea93a3000-7f3ea93a4000 r--p 00006000 fc:01 2180                       /lib/x86_64-linux-gnu/librt-2.27.so
7f3ea93a4000-7f3ea93a5000 rw-p 00007000 fc:01 2180                       /lib/x86_64-linux-gnu/librt-2.27.so
7f3ea93a5000-7f3ea93bc000 r-xp 00000000 fc:01 2096                       /lib/x86_64-linux-gnu/libgcc_s.so.1
7f3ea93bc000-7f3ea95bb000 ---p 00017000 fc:01 2096                       /lib/x86_64-linux-gnu/libgcc_s.so.1
7f3ea95bb000-7f3ea95bc000 r--p 00016000 fc:01 2096                       /lib/x86_64-linux-gnu/libgcc_s.so.1
7f3ea95bc000-7f3ea95bd000 rw-p 00017000 fc:01 2096                       /lib/x86_64-linux-gnu/libgcc_s.so.1
7f3ea95bd000-7f3ea975a000 r-xp 00000000 fc:01 2087                       /lib/x86_64-linux-gnu/libm-2.27.so
7f3ea975a000-7f3ea9959000 ---p 0019d000 fc:01 2087                       /lib/x86_64-linux-gnu/libm-2.27.so
7f3ea9959000-7f3ea995a000 r--p 0019c000 fc:01 2087                       /lib/x86_64-linux-gnu/libm-2.27.so
7f3ea995a000-7f3ea995b000 rw-p 0019d000 fc:01 2087                       /lib/x86_64-linux-gnu/libm-2.27.so
7f3ea995b000-7f3ea9ad4000 r-xp 00000000 fc:01 5016                       /usr/lib/x86_64-linux-gnu/libstdc++.so.6.0.25
7f3ea9ad4000-7f3ea9cd4000 ---p 00179000 fc:01 5016                       /usr/lib/x86_64-linux-gnu/libstdc++.so.6.0.25
7f3ea9cd4000-7f3ea9cde000 r--p 00179000 fc:01 5016                       /usr/lib/x86_64-linux-gnu/libstdc++.so.6.0.25
7f3ea9cde000-7f3ea9ce0000 rw-p 00183000 fc:01 5016                       /usr/lib/x86_64-linux-gnu/libstdc++.so.6.0.25
7f3ea9ce0000-7f3ea9ce4000 rw-p 00000000 00:00 0 
7f3ea9ce4000-7f3eaadb0000 r-xp 00000000 fc:01 272626                     /usr/lib/jvm/java-11-openjdk-amd64/lib/server/libjvm.so
7f3eaadb0000-7f3eaafaf000 ---p 010cc000 fc:01 272626                     /usr/lib/jvm/java-11-openjdk-amd64/lib/server/libjvm.so
7f3eaafaf000-7f3eab06c000 r--p 010cb000 fc:01 272626                     /usr/lib/jvm/java-11-openjdk-amd64/lib/server/libjvm.so
7f3eab06c000-7f3eab0a5000 rw-p 01188000 fc:01 272626                     /usr/lib/jvm/java-11-openjdk-amd64/lib/server/libjvm.so
7f3eab0a5000-7f3eab0fb000 rw-p 00000000 00:00 0 
7f3eab0fb000-7f3eab115000 r-xp 00000000 fc:01 2178                       /lib/x86_64-linux-gnu/libpthread-2.27.so
7f3eab115000-7f3eab314000 ---p 0001a000 fc:01 2178                       /lib/x86_64-linux-gnu/libpthread-2.27.so
7f3eab314000-7f3eab315000 r--p 00019000 fc:01 2178                       /lib/x86_64-linux-gnu/libpthread-2.27.so
7f3eab315000-7f3eab316000 rw-p 0001a000 fc:01 2178                       /lib/x86_64-linux-gnu/libpthread-2.27.so
7f3eab316000-7f3eab31a000 rw-p 00000000 00:00 0 
7f3eab31a000-7f3eab31d000 r-xp 00000000 fc:01 2086                       /lib/x86_64-linux-gnu/libdl-2.27.so
7f3eab31d000-7f3eab51c000 ---p 00003000 fc:01 2086                       /lib/x86_64-linux-gnu/libdl-2.27.so
7f3eab51c000-7f3eab51d000 r--p 00002000 fc:01 2086                       /lib/x86_64-linux-gnu/libdl-2.27.so
7f3eab51d000-7f3eab51e000 rw-p 00003000 fc:01 2086                       /lib/x86_64-linux-gnu/libdl-2.27.so
7f3eab51e000-7f3eab53a000 r-xp 00000000 fc:01 2183                       /lib/x86_64-linux-gnu/libz.so.1.2.11
7f3eab53a000-7f3eab739000 ---p 0001c000 fc:01 2183                       /lib/x86_64-linux-gnu/libz.so.1.2.11
7f3eab739000-7f3eab73a000 r--p 0001b000 fc:01 2183                       /lib/x86_64-linux-gnu/libz.so.1.2.11
7f3eab73a000-7f3eab73b000 rw-p 0001c000 fc:01 2183                       /lib/x86_64-linux-gnu/libz.so.1.2.11
7f3eab73b000-7f3eab922000 r-xp 00000000 fc:01 2083                       /lib/x86_64-linux-gnu/libc-2.27.so
7f3eab922000-7f3eabb22000 ---p 001e7000 fc:01 2083                       /lib/x86_64-linux-gnu/libc-2.27.so
7f3eabb22000-7f3eabb26000 r--p 001e7000 fc:01 2083                       /lib/x86_64-linux-gnu/libc-2.27.so
7f3eabb26000-7f3eabb28000 rw-p 001eb000 fc:01 2083                       /lib/x86_64-linux-gnu/libc-2.27.so
7f3eabb28000-7f3eabb2c000 rw-p 00000000 00:00 0 
7f3eabb2c000-7f3eabb3c000 r-xp 00000000 fc:01 272583                     /usr/lib/jvm/java-11-openjdk-amd64/lib/jli/libjli.so
7f3eabb3c000-7f3eabd3b000 ---p 00010000 fc:01 272583                     /usr/lib/jvm/java-11-openjdk-amd64/lib/jli/libjli.so
7f3eabd3b000-7f3eabd3c000 r--p 0000f000 fc:01 272583                     /usr/lib/jvm/java-11-openjdk-amd64/lib/jli/libjli.so
7f3eabd3c000-7f3eabd3d000 rw-p 00010000 fc:01 272583                     /usr/lib/jvm/java-11-openjdk-amd64/lib/jli/libjli.so
7f3eabd3d000-7f3eabd64000 r-xp 00000000 fc:01 2079                       /lib/x86_64-linux-gnu/ld-2.27.so
7f3eabdfe000-7f3eabe48000 rw-p 00000000 00:00 0 
7f3eabe48000-7f3eabe4f000 ---p 00000000 00:00 0 
7f3eabe4f000-7f3eabe57000 rw-s 00000000 fc:01 258374                     /tmp/hsperfdata_root/11381
7f3eabe57000-7f3eabe5b000 ---p 00000000 00:00 0 
7f3eabe5b000-7f3eabf5a000 rw-p 00000000 00:00 0 
7f3eabf5e000-7f3eabf60000 r--s 00007000 fc:01 64434                      /usr/share/java/java-atk-wrapper.jar
7f3eabf60000-7f3eabf61000 ---p 00000000 00:00 0 
7f3eabf61000-7f3eabf62000 r--p 00000000 00:00 0 
7f3eabf62000-7f3eabf64000 rw-p 00000000 00:00 0 
7f3eabf64000-7f3eabf65000 r--p 00027000 fc:01 2079                       /lib/x86_64-linux-gnu/ld-2.27.so
7f3eabf65000-7f3eabf66000 rw-p 00028000 fc:01 2079                       /lib/x86_64-linux-gnu/ld-2.27.so
7f3eabf66000-7f3eabf67000 rw-p 00000000 00:00 0 
7ffee0a0c000-7ffee0a2d000 rw-p 00000000 00:00 0                          [stack]
7ffee0b86000-7ffee0b89000 r--p 00000000 00:00 0                          [vvar]
7ffee0b89000-7ffee0b8b000 r-xp 00000000 00:00 0                          [vdso]
ffffffffff600000-ffffffffff601000 r-xp 00000000 00:00 0                  [vsyscall]


VM Arguments:
jvm_args: -Xmx2048M -Xms2048M 
java_command: server.jar nogui
java_class_path (initial): server.jar
Launcher Type: SUN_STANDARD

[Global flags]
     intx CICompilerCount                          = 2                                         {product} {ergonomic}
     uint ConcGCThreads                            = 1                                         {product} {ergonomic}
     uint G1ConcRefinementThreads                  = 2                                         {product} {ergonomic}
   size_t G1HeapRegionSize                         = 1048576                                   {product} {ergonomic}
    uintx GCDrainStackTargetSize                   = 64                                        {product} {ergonomic}
   size_t InitialHeapSize                          = 2147483648                                {product} {command line}
   size_t MarkStackSize                            = 4194304                                   {product} {ergonomic}
   size_t MaxHeapSize                              = 2147483648                                {product} {command line}
   size_t MinHeapDeltaBytes                        = 1048576                                   {product} {ergonomic}
    uintx NonNMethodCodeHeapSize                   = 5824844                                {pd product} {ergonomic}
    uintx NonProfiledCodeHeapSize                  = 122916698                              {pd product} {ergonomic}
    uintx ProfiledCodeHeapSize                     = 122916698                              {pd product} {ergonomic}
    uintx ReservedCodeCacheSize                    = 251658240                              {pd product} {ergonomic}
     bool SegmentedCodeCache                       = true                                      {product} {ergonomic}
     bool UseCompressedClassPointers               = true                                 {lp64_product} {ergonomic}
     bool UseCompressedOops                        = true                                 {lp64_product} {ergonomic}
     bool UseG1GC                                  = true                                      {product} {ergonomic}

Logging:
Log output configuration:
 #0: stdout all=warning uptime,level,tags
 #1: stderr all=off uptime,level,tags

Environment Variables:
PATH=/usr/local/sbin:/usr/local/bin:/usr/sbin:/usr/bin:/sbin:/bin:/usr/games:/usr/local/games:/snap/bin
SHELL=/bin/bash

Signal Handlers:
SIGSEGV: [libjvm.so+0xde5f50], sa_mask[0]=11111111011111111101111111111110, sa_flags=SA_RESTART|SA_SIGINFO
SIGBUS: [libjvm.so+0xde5f50], sa_mask[0]=11111111011111111101111111111110, sa_flags=SA_RESTART|SA_SIGINFO
SIGFPE: [libjvm.so+0xde5f50], sa_mask[0]=11111111011111111101111111111110, sa_flags=SA_RESTART|SA_SIGINFO
SIGPIPE: [libjvm.so+0xbba5b0], sa_mask[0]=11111111011111111101111111111110, sa_flags=SA_RESTART|SA_SIGINFO
SIGXFSZ: [libjvm.so+0xbba5b0], sa_mask[0]=11111111011111111101111111111110, sa_flags=SA_RESTART|SA_SIGINFO
SIGILL: [libjvm.so+0xde5f50], sa_mask[0]=11111111011111111101111111111110, sa_flags=SA_RESTART|SA_SIGINFO
SIGUSR2: [libjvm.so+0xbba450], sa_mask[0]=00000000000000000000000000000000, sa_flags=SA_RESTART|SA_SIGINFO
SIGHUP: SIG_DFL, sa_mask[0]=00000000000000000000000000000000, sa_flags=none
SIGINT: SIG_DFL, sa_mask[0]=00000000000000000000000000000000, sa_flags=none
SIGTERM: SIG_DFL, sa_mask[0]=00000000000000000000000000000000, sa_flags=none
SIGQUIT: SIG_DFL, sa_mask[0]=00000000000000000000000000000000, sa_flags=none


---------------  S Y S T E M  ---------------

OS:DISTRIB_ID=Ubuntu
DISTRIB_RELEASE=18.04
DISTRIB_CODENAME=bionic
DISTRIB_DESCRIPTION="Ubuntu 18.04.3 LTS"
uname:Linux 4.15.0-58-generic #64-Ubuntu SMP Tue Aug 6 11:12:41 UTC 2019 x86_64
libc:glibc 2.27 NPTL 2.27 
rlimit: STACK 8192k, CORE 0k, NPROC 7873, NOFILE 1048576, AS infinity, DATA infinity, FSIZE infinity
load average:0.02 0.10 0.10

/proc/meminfo:
MemTotal:        2041164 kB
MemFree:          922952 kB
MemAvailable:    1782372 kB
Buffers:           15784 kB
Cached:           947368 kB
SwapCached:            0 kB
Active:           578380 kB
Inactive:         428284 kB
Active(anon):      43460 kB
Inactive(anon):      236 kB
Active(file):     534920 kB
Inactive(file):   428048 kB
Unevictable:           0 kB
Mlocked:               0 kB
SwapTotal:             0 kB
SwapFree:              0 kB
Dirty:                 0 kB
Writeback:             0 kB
AnonPages:         43532 kB
Mapped:            38964 kB
Shmem:               596 kB
Slab:              87076 kB
SReclaimable:      56092 kB
SUnreclaim:        30984 kB
KernelStack:        2016 kB
PageTables:         3848 kB
NFS_Unstable:          0 kB
Bounce:                0 kB
WritebackTmp:          0 kB
CommitLimit:     1020580 kB
Committed_AS:     433968 kB
VmallocTotal:   34359738367 kB
VmallocUsed:           0 kB
VmallocChunk:          0 kB
HardwareCorrupted:     0 kB
AnonHugePages:         0 kB
ShmemHugePages:        0 kB
ShmemPmdMapped:        0 kB
CmaTotal:              0 kB
CmaFree:               0 kB
HugePages_Total:       0
HugePages_Free:        0
HugePages_Rsvd:        0
HugePages_Surp:        0
Hugepagesize:       2048 kB
DirectMap4k:       77804 kB
DirectMap2M:     2019328 kB
DirectMap1G:           0 kB


/proc/sys/kernel/threads-max (system-wide limit on the number of threads):
15747


/proc/sys/vm/max_map_count (maximum number of memory map areas a process may have):
65530


/proc/sys/kernel/pid_max (system-wide limit on number of process identifiers):
32768



container (cgroup) information:
container_type: cgroupv1
cpu_cpuset_cpus: 0-1
cpu_memory_nodes: 0
active_processor_count: 2
cpu_quota: -1
cpu_period: 100000
cpu_shares: -1
memory_limit_in_bytes: -1
memory_and_swap_limit_in_bytes: -2
memory_soft_limit_in_bytes: -1
memory_usage_in_bytes: 977195008
memory_max_usage_in_bytes: 1868525568

Steal ticks since vm start: 0
Steal ticks percentage since vm start:  0.000

CPU:total 2 (initial active 2) (1 cores per cpu, 1 threads per core) family 6 model 85 stepping 4, cmov, cx8, fxsr, mmx, sse, sse2, sse3, ssse3, sse4.1, sse4.2, popcnt, avx, avx2, aes, clmul, erms, rtm, 3dnowpref, lzcnt, tsc, bmi1, bmi2, adx, evex, fma
CPU Model and flags from /proc/cpuinfo:
model name	: Intel(R) Xeon(R) Gold 6140 CPU @ 2.30GHz
flags		: fpu vme de pse tsc msr pae mce cx8 apic sep mtrr pge mca cmov pat pse36 clflush mmx fxsr sse sse2 ss syscall nx pdpe1gb rdtscp lm constant_tsc arch_perfmon rep_good nopl cpuid tsc_known_freq pni pclmulqdq vmx ssse3 fma cx16 pcid sse4_1 sse4_2 x2apic movbe popcnt tsc_deadline_timer aes xsave avx f16c rdrand hypervisor lahf_lm abm 3dnowprefetch cpuid_fault invpcid_single pti ssbd ibrs ibpb tpr_shadow vnmi flexpriority ept vpid fsgsbase tsc_adjust bmi1 hle avx2 smep bmi2 erms invpcid rtm mpx avx512f avx512dq rdseed adx smap clflushopt clwb avx512cd avx512bw avx512vl xsaveopt xsavec xgetbv1 xsaves pku ospke md_clear

Memory: 4k page, physical 2041164k(922952k free), swap 0k(0k free)

vm_info: OpenJDK 64-Bit Server VM (11.0.4+11-post-Ubuntu-1ubuntu218.04.3) for linux-amd64 JRE (11.0.4+11-post-Ubuntu-1ubuntu218.04.3), built on Jul 18 2019 18:21:46 by "buildd" with gcc 7.4.0

END.
