Removed world/data/raids.dat: not used
Removed world/DIM-1/data/raids_nether.dat: not used
Removed world/DIM-1/poi/r.-1.-1.mca: not used
Removed world/DIM-1/poi/r.-1.-2.mca: not used
Removed world/DIM-1/poi/r.-1.0.mca: not used
Removed world/DIM-1/poi/r.-2.-1.mca: not used
Removed world/DIM-1/poi/r.-2.-2.mca: not used
Removed world/DIM-1/poi/r.0.-1.mca: not used
Removed world/DIM-1/poi/r.0.-2.mca: not used
Removed world/DIM-1/poi/r.0.0.mca: not used
Removed world/DIM1/data/raids_end.dat: not used
Removed world/poi/r.-1.-1.mca: not used
Removed world/poi/r.-1.-2.mca: not used
Removed world/poi/r.-1.-3.mca: not used
Removed world/poi/r.-1.-4.mca: not used
Removed world/poi/r.-1.-5.mca: not used
Removed world/poi/r.-1.0.mca: not used
Removed world/poi/r.-1.1.mca: not used
Removed world/poi/r.-1.2.mca: not used
Removed world/poi/r.-1.3.mca: not used
Removed world/poi/r.-1.4.mca: not used
Removed world/poi/r.-2.-1.mca: not used
Removed world/poi/r.-2.-2.mca: not used
Removed world/poi/r.-2.-3.mca: not used
Removed world/poi/r.-2.-4.mca: not used
Removed world/poi/r.-2.-5.mca: not used
Removed world/poi/r.-2.0.mca: not used
Removed world/poi/r.-2.1.mca: not used
Removed world/poi/r.-2.3.mca: not used
Removed world/poi/r.-2.4.mca: not used
Removed world/poi/r.-3.-1.mca: not used
Removed world/poi/r.-3.-3.mca: not used
Removed world/poi/r.-3.0.mca: not used
Removed world/poi/r.-3.1.mca: not used
Removed world/poi/r.-3.2.mca: not used
Removed world/poi/r.-4.-1.mca: not used
Removed world/poi/r.-4.-2.mca: not used
Removed world/poi/r.-4.0.mca: not used
Removed world/poi/r.-4.1.mca: not used
Removed world/poi/r.-4.2.mca: not used
Removed world/poi/r.-4.3.mca: not used
Removed world/poi/r.-5.-1.mca: not used
Removed world/poi/r.-5.0.mca: not used
Removed world/poi/r.-5.1.mca: not used
Removed world/poi/r.-5.2.mca: not used
Removed world/poi/r.-5.3.mca: not used
Removed world/poi/r.-6.2.mca: not used
Removed world/poi/r.-6.3.mca: not used
Removed world/poi/r.0.-1.mca: not used
Removed world/poi/r.0.-2.mca: not used
Removed world/poi/r.0.-3.mca: not used
Removed world/poi/r.0.-4.mca: not used
Removed world/poi/r.0.-5.mca: not used
Removed world/poi/r.0.0.mca: not used
Removed world/poi/r.0.1.mca: not used
Removed world/poi/r.0.2.mca: not used
Removed world/poi/r.0.3.mca: not used
Removed world/poi/r.0.4.mca: not used
Removed world/poi/r.1.-1.mca: not used
Removed world/poi/r.1.-2.mca: not used
Removed world/poi/r.1.-3.mca: not used
Removed world/poi/r.1.-4.mca: not used
Removed world/poi/r.1.-5.mca: not used
Removed world/poi/r.1.-6.mca: not used
Removed world/poi/r.1.-8.mca: not used
Removed world/poi/r.1.0.mca: not used
Removed world/poi/r.1.1.mca: not used
Removed world/poi/r.1.2.mca: not used
Removed world/poi/r.1.3.mca: not used
Removed world/poi/r.1.4.mca: not used
Removed world/poi/r.2.-1.mca: not used
Removed world/poi/r.2.-10.mca: not used
Removed world/poi/r.2.-11.mca: not used
Removed world/poi/r.2.-2.mca: not used
Removed world/poi/r.2.-3.mca: not used
Removed world/poi/r.2.-4.mca: not used
Removed world/poi/r.2.-5.mca: not used
Removed world/poi/r.2.-6.mca: not used
Removed world/poi/r.2.-7.mca: not used
Removed world/poi/r.2.-8.mca: not used
Removed world/poi/r.2.-9.mca: not used
Removed world/poi/r.2.0.mca: not used
Removed world/poi/r.2.1.mca: not used
Removed world/poi/r.2.2.mca: not used
Removed world/poi/r.2.3.mca: not used
Removed world/poi/r.2.4.mca: not used
Removed world/poi/r.3.-1.mca: not used
Removed world/poi/r.3.-10.mca: not used
Removed world/poi/r.3.-2.mca: not used
Removed world/poi/r.3.-3.mca: not used
Removed world/poi/r.3.-4.mca: not used
Removed world/poi/r.3.-5.mca: not used
Removed world/poi/r.3.-6.mca: not used
Removed world/poi/r.3.-7.mca: not used
Removed world/poi/r.3.-8.mca: not used
Removed world/poi/r.3.-9.mca: not used
Removed world/poi/r.3.0.mca: not used
Removed world/poi/r.3.1.mca: not used
Removed world/poi/r.3.2.mca: not used
Removed world/poi/r.3.3.mca: not used
Removed world/poi/r.3.4.mca: not used
Removed world/poi/r.4.-1.mca: not used
Removed world/poi/r.4.-4.mca: not used
Removed world/poi/r.4.-5.mca: not used
Removed world/poi/r.4.-6.mca: not used
Removed world/poi/r.4.-7.mca: not used
Removed world/poi/r.4.-8.mca: not used
Removed world/poi/r.4.0.mca: not used
Removed world/poi/r.4.1.mca: not used
Removed world/poi/r.4.2.mca: not used
Removed world/poi/r.4.3.mca: not used
Removed world/poi/r.4.4.mca: not used
Validated 352 files, 240 accepted, 112 rejected.
