[00:51:59] [main/WARN]: Ambiguity between arguments [teleport, destination] and [teleport, targets] with inputs: [Player, 0123, @e, dd12be42-52a9-4a91-a8a1-11c01849e498]
[00:51:59] [main/WARN]: Ambiguity between arguments [teleport, location] and [teleport, destination] with inputs: [0.1 -0.5 .9, 0 0 0]
[00:51:59] [main/WARN]: Ambiguity between arguments [teleport, location] and [teleport, targets] with inputs: [0.1 -0.5 .9, 0 0 0]
[00:51:59] [main/WARN]: Ambiguity between arguments [teleport, targets] and [teleport, destination] with inputs: [Player, 0123, dd12be42-52a9-4a91-a8a1-11c01849e498]
[00:51:59] [main/WARN]: Ambiguity between arguments [teleport, targets, location] and [teleport, targets, destination] with inputs: [0.1 -0.5 .9, 0 0 0]
[00:51:59] [Server thread/INFO]: Starting minecraft server version 1.14.4
[00:51:59] [Server thread/INFO]: Loading properties
[00:51:59] [Server thread/INFO]: Default game type: SURVIVAL
[00:51:59] [Server thread/INFO]: Generating keypair
[00:52:00] [Server thread/INFO]: Starting Minecraft server on *:25565
[00:52:00] [Server thread/INFO]: Using epoll channel type
[00:52:00] [Server thread/INFO]: Preparing level "world"
[00:52:00] [Server thread/INFO]: Reloading ResourceManager: Default, multiplayer_sleepv2.1.0.zip
[00:52:02] [Server thread/INFO]: Loaded 6 recipes
[00:52:20] [Server thread/INFO]: Loaded 8 custom command functions
[00:52:29] [Server thread/INFO]: Loaded 813 advancements
[00:52:30] [Server thread/INFO]: Preparing start region for dimension minecraft:overworld
[00:52:32] [Server thread/INFO]: Preparing spawn area: 0%
[00:52:32] [Server thread/INFO]: Preparing spawn area: 0%
[00:52:32] [Server thread/INFO]: Preparing spawn area: 0%
[00:52:32] [Server thread/INFO]: Preparing spawn area: 0%
[00:52:32] [Server thread/INFO]: Preparing spawn area: 0%
[00:52:35] [Server-Worker-1/INFO]: Preparing spawn area: 83%
[00:52:35] [Server thread/INFO]: Preparing spawn area: 83%
[00:52:35] [Server-Worker-1/INFO]: Preparing spawn area: 83%
[00:52:35] [Server thread/INFO]: Preparing spawn area: 83%
[00:52:35] [Server thread/INFO]: Preparing spawn area: 83%
[00:52:35] [Server-Worker-1/INFO]: Preparing spawn area: 83%
[00:52:35] [Server-Worker-1/INFO]: Preparing spawn area: 99%
[00:52:36] [Server thread/INFO]: Time elapsed: 6150 ms
[00:52:36] [Server thread/INFO]: Done (35.604s)! For help, type "help"
[00:52:36] [Server thread/INFO]: Made LongLogan2 no longer a server operator
[00:52:46] [Server thread/INFO]: Made TheBestRedstone no longer a server operator
[00:54:00] [User Authenticator #1/INFO]: UUID of player th0nk is ee7c66dd-8ad7-457f-a540-65956807aabb
[00:54:01] [Server thread/INFO]: th0nk[/98.225.10.172:55402] logged in with entity id 32 at (948.3214512028434, 64.0, 625.9242962814993)
[00:54:01] [Server thread/INFO]: King th0nk, Old Kingdom joined the game
[00:54:19] [User Authenticator #2/INFO]: UUID of player LongLogan2 is 08171360-127b-49d6-8265-f4e0e66bd206
[00:54:19] [Server thread/INFO]: LongLogan2[/67.168.91.76:50758] logged in with entity id 300 at (1051.7156702607438, 69.6625000178814, 670.4735856193225)
[00:54:19] [Server thread/INFO]: LongLogan2, Northern Alliance joined the game
[00:54:19] [Server thread/WARN]: Keeping entity minecraft:skeleton_horse that already exists with UUID 956f0468-8b67-4911-b888-9c5e74f31c7a
[00:54:51] [Server thread/WARN]: Skeleton Horse moved wrongly!
[00:54:51] [Server thread/WARN]: Skeleton Horse moved wrongly!
[00:54:51] [Server thread/WARN]: Skeleton Horse moved wrongly!
[00:55:19] [Server thread/INFO]: [King th0nk, Old Kingdom: Teleported King th0nk, Old Kingdom to 321.5, 63.0, 31.5]
[00:57:40] [Server thread/WARN]: Skeleton Horse (vehicle of LongLogan2) moved too quickly! 7.988113415467296,-2.0,-6.127065438334853
[00:57:40] [Server thread/WARN]: Skeleton Horse (vehicle of LongLogan2) moved too quickly! 8.654875587758852,-1.3711144877808863,-6.581802147219548
[00:57:40] [Server thread/WARN]: Skeleton Horse (vehicle of LongLogan2) moved too quickly! 9.030701249802405,-0.843964831585879,-6.831199324496254
[00:57:40] [Server thread/WARN]: Skeleton Horse (vehicle of LongLogan2) moved too quickly! 9.384917102325971,-0.41452229341805946,-7.059688364425824
[00:57:40] [Server thread/WARN]: Skeleton Horse (vehicle of LongLogan2) moved too quickly! 9.719861326164391,-0.07891767322990972,-7.269531526931871
[00:57:40] [Server thread/WARN]: Skeleton Horse (vehicle of LongLogan2) moved too quickly! 10.037619111045842,0.16656500877655844,-7.462746295472357
[00:57:40] [Server thread/WARN]: Skeleton Horse (vehicle of LongLogan2) moved too quickly! 10.340050029223903,0.3254945796687707,-7.641131861847043
[00:57:40] [Server thread/WARN]: Skeleton Horse (vehicle of LongLogan2) moved too quickly! 10.628812447281916,0.4012985410290071,-7.806292745349083
[00:57:40] [Server thread/WARN]: Skeleton Horse (vehicle of LongLogan2) moved too quickly! 10.905385296581471,0.3972686654409472,-7.959659856325402
[00:57:40] [Server thread/WARN]: Skeleton Horse (vehicle of LongLogan2) moved too quickly! 11.166071790941487,0.31656637135549204,-8.110110062244928
[00:57:40] [Server thread/WARN]: Skeleton Horse (vehicle of LongLogan2) moved too quickly! 11.412590833557942,0.1622278851119745,-8.257958972159827
[00:57:40] [Server thread/WARN]: Skeleton Horse (vehicle of LongLogan2) moved too quickly! 11.646475342345411,-0.06283080145657038,-8.403488046230962
[00:57:40] [Server thread/WARN]: Skeleton Horse (vehicle of LongLogan2) moved too quickly! 11.869092373539388,-0.3558091697391603,-8.546948290636976
[00:57:40] [Server thread/WARN]: Skeleton Horse (vehicle of LongLogan2) moved too quickly! 12.081661067926007,-0.7140176016094699,-8.688563552694461
[00:57:40] [Server thread/WARN]: Skeleton Horse (vehicle of LongLogan2) moved too quickly! 12.285268655289428,-1.1348729877687163,-8.828533459446135
[00:57:40] [Server thread/WARN]: Skeleton Horse (vehicle of LongLogan2) moved too quickly! 12.480884727179273,-1.615894509998057,-8.96703603829377
[00:57:40] [Server thread/WARN]: Skeleton Horse (vehicle of LongLogan2) moved too quickly! 12.669373965364457,-2.0,-9.104230054078926
[00:57:40] [Server thread/WARN]: Skeleton Horse (vehicle of LongLogan2) moved too quickly! 12.977856867439414,-2.0,-9.363353797330035
[00:57:40] [Server thread/WARN]: Skeleton Horse (vehicle of LongLogan2) moved too quickly! 13.283308112471104,-2.0,-9.638779862421472
[00:57:40] [Server thread/WARN]: Skeleton Horse (vehicle of LongLogan2) moved too quickly! 13.587856435404774,-2.0,-9.922186796669223
[00:57:40] [Server thread/WARN]: Skeleton Horse (vehicle of LongLogan2) moved too quickly! 13.891921622725931,-2.0,-10.209864134881173
[00:57:40] [Server thread/WARN]: Skeleton Horse (vehicle of LongLogan2) moved too quickly! 14.245637838614812,-2.0,-10.423060983469668
[00:57:40] [Server thread/WARN]: Skeleton Horse (vehicle of LongLogan2) moved too quickly! 14.626074106200122,-2.0,-10.595910146168308
[00:57:40] [Server thread/WARN]: Skeleton Horse (vehicle of LongLogan2) moved too quickly! 15.0214169051294,-1.0,-10.745150730038688
[00:57:40] [Server thread/WARN]: Skeleton Horse (vehicle of LongLogan2) moved too quickly! 15.426015929278265,-1.0,-10.877238886747307
[00:57:40] [Server thread/WARN]: Skeleton Horse (vehicle of LongLogan2) moved too quickly! 15.83699451116945,-1.0,-10.99455685110479
[00:57:40] [Server thread/WARN]: Skeleton Horse (vehicle of LongLogan2) moved too quickly! 16.252095930276937,-1.0,-11.100907978356304
[00:57:40] [Server thread/WARN]: Skeleton Horse (vehicle of LongLogan2) moved too quickly! 16.62684467915301,-1.0,-11.28077034210611
[00:57:40] [Server thread/WARN]: Skeleton Horse (vehicle of LongLogan2) moved too quickly! 16.980963433306215,0.0,-11.498763336939703
[00:57:40] [Server thread/WARN]: Skeleton Horse (vehicle of LongLogan2) moved too quickly! 17.366405495615254,0.0,-11.65540216984084
[00:57:40] [Server thread/WARN]: Skeleton Horse (vehicle of LongLogan2) moved too quickly! 17.7688124658564,0.0,-11.778196563836559
[00:57:40] [Server thread/WARN]: Skeleton Horse (vehicle of LongLogan2) moved too quickly! 18.180297020088346,0.0,-11.882881473359362
[00:57:40] [Server thread/WARN]: Skeleton Horse (vehicle of LongLogan2) moved too quickly! 18.59703898451312,0.0,-11.975805458868194
[00:57:40] [Server thread/WARN]: Skeleton Horse (vehicle of LongLogan2) moved too quickly! 19.016688974368208,0.0,-12.061927454600038
[00:57:40] [Server thread/WARN]: Skeleton Horse (vehicle of LongLogan2) moved too quickly! 19.43808079902101,0.0,-12.143391213857626
[00:57:40] [Server thread/WARN]: Skeleton Horse (vehicle of LongLogan2) moved too quickly! 19.860404644745813,0.0,-12.222362443653026
[00:57:40] [Server thread/WARN]: Skeleton Horse (vehicle of LongLogan2) moved too quickly! 20.283321468001986,0.0,-12.29947141397588
[00:57:40] [Server thread/WARN]: Skeleton Horse (vehicle of LongLogan2) moved too quickly! 20.706555581712337,-0.07683200149536162,-12.375583926384422
[00:57:40] [Server thread/WARN]: Skeleton Horse (vehicle of LongLogan2) moved too quickly! 20.952740486000266,-0.2274534586630068,-12.419640585702325
[00:57:40] [Server thread/WARN]: Skeleton Horse (vehicle of LongLogan2) moved too quickly! 21.19215019525791,-0.4489423104376016,-12.461275694196615
[00:57:40] [Server thread/WARN]: Skeleton Horse (vehicle of LongLogan2) moved too quickly! 21.425310473629906,-0.7384922093173572,-12.494705470051088
[00:57:40] [Server thread/WARN]: Skeleton Horse (vehicle of LongLogan2) moved too quickly! 21.65222975661254,-1.093407939109099,-12.51823355040375
[00:57:40] [Server thread/WARN]: Skeleton Horse (vehicle of LongLogan2) moved too quickly! 21.872069468052132,-1.5111010141305457,-12.529484951772474
[00:57:40] [Server thread/WARN]: Skeleton Horse (vehicle of LongLogan2) moved too quickly! 22.084690931235627,-1.9890854526840371,-12.528316804297333
[00:57:40] [Server thread/WARN]: Skeleton Horse (vehicle of LongLogan2) moved too quickly! 22.293711371668905,-2.0,-12.525556181576633
[00:57:40] [Server thread/WARN]: Skeleton Horse (vehicle of LongLogan2) moved too quickly! 22.480115805819423,-2.0,-12.525556181576633
[00:57:40] [Server thread/WARN]: Skeleton Horse (vehicle of LongLogan2) moved too quickly! 22.57985710203002,-2.0,-12.525556181576633
[00:57:40] [Server thread/WARN]: Skeleton Horse (vehicle of LongLogan2) moved too quickly! 22.633226681005453,-2.0,-12.525556181576633
[00:57:40] [Server thread/WARN]: Skeleton Horse (vehicle of LongLogan2) moved too quickly! 22.66178367864063,-2.0,-12.525556181576633
[00:57:40] [Server thread/WARN]: Skeleton Horse (vehicle of LongLogan2) moved too quickly! 22.67706395871005,-2.0,-12.525556181576633
[00:57:40] [Server thread/WARN]: Skeleton Horse (vehicle of LongLogan2) moved too quickly! 22.685240131919272,-2.0,-12.525556181576633
[00:57:40] [Server thread/WARN]: Skeleton Horse (vehicle of LongLogan2) moved too quickly! 22.68961503918831,-2.0,-12.525556181576633
[00:57:40] [Server thread/WARN]: Skeleton Horse (vehicle of LongLogan2) moved too quickly! 22.68961503918831,-2.0,-12.525556181576633
[00:57:40] [Server thread/WARN]: Skeleton Horse (vehicle of LongLogan2) moved too quickly! 22.68961503918831,-2.0,-12.525556181576633
[00:57:40] [Server thread/WARN]: Skeleton Horse (vehicle of LongLogan2) moved too quickly! 22.68961503918831,-2.0,-12.525556181576633
[00:57:40] [Server thread/WARN]: Skeleton Horse (vehicle of LongLogan2) moved too quickly! 22.68961503918831,-2.0,-12.525556181576633
[00:57:40] [Server thread/WARN]: Can't keep up! Is the server overloaded? Running 4144ms or 82 ticks behind
[00:57:40] [Server thread/WARN]: Skeleton Horse (vehicle of LongLogan2) moved too quickly! 15.054406266622891,0.0,-6.61542199486513
[00:57:40] [Server thread/WARN]: Skeleton Horse (vehicle of LongLogan2) moved too quickly! 15.054406266622891,0.0,-6.61542199486513
[00:57:59] [Server thread/INFO]: [King th0nk, Old Kingdom: Teleported King th0nk, Old Kingdom to LongLogan2, Northern Alliance]
[00:58:27] [Server thread/INFO]: [King th0nk, Old Kingdom: Teleported King th0nk, Old Kingdom to 321.5, 63.0, 31.5]
[01:02:43] [Server thread/WARN]: Can't keep up! Is the server overloaded? Running 3222ms or 64 ticks behind
[01:05:07] [Server thread/INFO]: LongLogan2 lost connection: Disconnected
[01:05:07] [Server thread/INFO]: LongLogan2, Northern Alliance left the game
[01:05:14] [User Authenticator #3/INFO]: UUID of player LongLogan2 is 08171360-127b-49d6-8265-f4e0e66bd206
[01:05:14] [Server thread/INFO]: LongLogan2[/67.168.91.76:50775] logged in with entity id 7153 at (898.5576515777101, 74.0, -502.86528836452374)
[01:05:14] [Server thread/INFO]: LongLogan2, Northern Alliance joined the game
[01:05:34] [Server thread/WARN]: Skeleton Horse moved wrongly!
[01:05:34] [Server thread/WARN]: Skeleton Horse moved wrongly!
[01:07:07] [Server thread/WARN]: Skeleton Horse moved wrongly!
[01:07:07] [Server thread/WARN]: Skeleton Horse moved wrongly!
[01:07:46] [Server thread/WARN]: LongLogan2 moved too quickly! 6.058669086709642,0.49520087700592796,8.062840341905485
[01:07:46] [Server thread/WARN]: Can't keep up! Is the server overloaded? Running 2492ms or 49 ticks behind
[01:17:23] [Server thread/INFO]: th0nk lost connection: Disconnected
[01:17:23] [Server thread/INFO]: King th0nk, Old Kingdom left the game
[01:31:01] [Server thread/INFO]: LongLogan2 lost connection: Disconnected
[01:31:01] [Server thread/INFO]: LongLogan2, Northern Alliance left the game
[03:21:09] [User Authenticator #4/INFO]: UUID of player th0nk is ee7c66dd-8ad7-457f-a540-65956807aabb
[03:21:09] [Server thread/INFO]: th0nk[/98.225.10.172:51866] logged in with entity id 14081 at (337.01445826158186, 71.0, 45.19445626685285)
[03:21:09] [Server thread/INFO]: King th0nk, Old Kingdom joined the game
[03:25:10] [Server thread/INFO]: [King th0nk, Old Kingdom: Set own game mode to Creative Mode]
[03:27:47] [Server thread/WARN]: th0nk moved too quickly! -3.796171575711753,-3.387908982273146,-9.136101042563006
[03:34:26] [Server thread/WARN]: th0nk moved too quickly! 4.469544817968199,0.0,9.027541613508902
[03:39:50] [Server thread/INFO]: [King th0nk, Old Kingdom: Teleported King th0nk, Old Kingdom to 321.5, 63.0, 31.5]
[03:42:41] [Server thread/INFO]: th0nk lost connection: Disconnected
[03:42:41] [Server thread/INFO]: King th0nk, Old Kingdom left the game
[04:45:22] [User Authenticator #5/INFO]: UUID of player th0nk is ee7c66dd-8ad7-457f-a540-65956807aabb
[04:45:22] [Server thread/INFO]: th0nk[/98.225.10.172:60749] logged in with entity id 29930 at (282.52189999640314, 85.04042282547604, -88.19791127601232)
[04:45:22] [Server thread/INFO]: King th0nk, Old Kingdom joined the game
[04:59:36] [User Authenticator #6/INFO]: UUID of player Seki_Kun is 6b2f1729-5082-4bb7-8896-c83a59986f07
[04:59:36] [Server thread/INFO]: Seki_Kun[/98.192.156.26:64527] logged in with entity id 32869 at (451.31741250703135, 241.0, 394.30000001192093)
[04:59:36] [Server thread/INFO]: Seki_Kun, Ethegary Dominion joined the game
[04:59:39] [Server thread/INFO]: <King th0nk, Old Kingdom> poopo
[04:59:41] [User Authenticator #7/INFO]: UUID of player Seki_Kun is 6b2f1729-5082-4bb7-8896-c83a59986f07
[04:59:41] [Server thread/INFO]: Seki_Kun lost connection: You logged in from another location
[04:59:41] [Server thread/INFO]: Seki_Kun, Ethegary Dominion left the game
[04:59:41] [Server thread/WARN]: handleDisconnection() called twice
[04:59:41] [Server thread/INFO]: Seki_Kun[/98.192.156.26:64530] logged in with entity id 33053 at (451.31741250703135, 241.0, 394.30000001192093)
[04:59:41] [Server thread/INFO]: Seki_Kun, Ethegary Dominion joined the game
[04:59:42] [Server thread/INFO]: <King th0nk, Old Kingdom> pooop hoiur
[04:59:46] [Server thread/INFO]: <Seki_Kun, Ethegary Dominion> Smh
[05:01:16] [Server thread/INFO]: Seki_Kun, Ethegary Dominion was fireballed by Ghast
[05:01:16] [Server thread/WARN]: Fetching packet for removed entity atx['Bow'/33513, l='world', x=448.95, y=249.32, z=398.74]
[05:01:16] [Server thread/WARN]: Fetching packet for removed entity atx['Diamond Pickaxe'/33514, l='world', x=448.95, y=249.32, z=398.74]
[05:01:16] [Server thread/WARN]: Fetching packet for removed entity atx['Cobblestone'/33515, l='world', x=448.95, y=249.32, z=398.74]
[05:01:16] [Server thread/WARN]: Fetching packet for removed entity atx['Cobblestone'/33516, l='world', x=448.95, y=249.32, z=398.74]
[05:01:16] [Server thread/WARN]: Fetching packet for removed entity atx['Cobblestone'/33517, l='world', x=448.95, y=249.32, z=398.74]
[05:01:16] [Server thread/WARN]: Fetching packet for removed entity atx['Cobblestone'/33518, l='world', x=448.95, y=249.32, z=398.74]
[05:01:16] [Server thread/WARN]: Fetching packet for removed entity atx['Rotten Flesh'/33519, l='world', x=448.95, y=249.32, z=398.74]
[05:01:16] [Server thread/WARN]: Fetching packet for removed entity atx['Ghast Tear'/33520, l='world', x=448.95, y=249.32, z=398.74]
[05:01:16] [Server thread/WARN]: Fetching packet for removed entity atx['Cobblestone'/33521, l='world', x=448.95, y=249.32, z=398.74]
[05:01:16] [Server thread/WARN]: Fetching packet for removed entity atx['Cobblestone'/33522, l='world', x=448.95, y=249.32, z=398.74]
[05:01:16] [Server thread/WARN]: Fetching packet for removed entity atx['Cobblestone'/33523, l='world', x=448.95, y=249.32, z=398.74]
[05:01:16] [Server thread/WARN]: Fetching packet for removed entity atx['Cobblestone'/33524, l='world', x=448.95, y=249.32, z=398.74]
[05:01:16] [Server thread/WARN]: Fetching packet for removed entity atx['Cobblestone'/33525, l='world', x=448.95, y=249.32, z=398.74]
[05:01:16] [Server thread/WARN]: Fetching packet for removed entity atx['Cobblestone'/33526, l='world', x=448.95, y=249.32, z=398.74]
[05:01:16] [Server thread/WARN]: Fetching packet for removed entity atx['Magma Cream'/33527, l='world', x=448.95, y=249.32, z=398.74]
[05:01:16] [Server thread/WARN]: Fetching packet for removed entity atx['Cobblestone'/33528, l='world', x=448.95, y=249.32, z=398.74]
[05:01:16] [Server thread/WARN]: Fetching packet for removed entity atx['Cobblestone'/33529, l='world', x=448.95, y=249.32, z=398.74]
[05:01:16] [Server thread/WARN]: Fetching packet for removed entity atx['Cobblestone'/33530, l='world', x=448.95, y=249.32, z=398.74]
[05:01:16] [Server thread/WARN]: Fetching packet for removed entity atx['Cobblestone'/33531, l='world', x=448.95, y=249.32, z=398.74]
[05:01:16] [Server thread/WARN]: Fetching packet for removed entity atx['Cobblestone'/33532, l='world', x=448.95, y=249.32, z=398.74]
[05:01:16] [Server thread/WARN]: Fetching packet for removed entity atx['Cobblestone'/33533, l='world', x=448.95, y=249.32, z=398.74]
[05:01:16] [Server thread/WARN]: Fetching packet for removed entity atx['Cobblestone'/33534, l='world', x=448.95, y=249.32, z=398.74]
[05:01:16] [Server thread/WARN]: Fetching packet for removed entity atx['Cobblestone'/33535, l='world', x=448.95, y=249.32, z=398.74]
[05:01:16] [Server thread/WARN]: Fetching packet for removed entity atx['Cobblestone'/33536, l='world', x=448.95, y=249.32, z=398.74]
[05:01:16] [Server thread/WARN]: Fetching packet for removed entity atx['Cobblestone'/33537, l='world', x=448.95, y=249.32, z=398.74]
[05:01:16] [Server thread/WARN]: Fetching packet for removed entity atx['Cobblestone'/33538, l='world', x=448.95, y=249.32, z=398.74]
[05:01:16] [Server thread/WARN]: Fetching packet for removed entity atx['Cobblestone'/33539, l='world', x=448.95, y=249.32, z=398.74]
[05:01:16] [Server thread/WARN]: Fetching packet for removed entity atx['Cobblestone'/33540, l='world', x=448.95, y=249.32, z=398.74]
[05:01:16] [Server thread/WARN]: Fetching packet for removed entity atx['Cobblestone'/33541, l='world', x=448.95, y=249.32, z=398.74]
[05:01:16] [Server thread/WARN]: Fetching packet for removed entity atx['Cobblestone'/33542, l='world', x=448.95, y=249.32, z=398.74]
[05:01:16] [Server thread/WARN]: Fetching packet for removed entity atx['Cobblestone'/33543, l='world', x=448.95, y=249.32, z=398.74]
[05:01:16] [Server thread/WARN]: Fetching packet for removed entity atx['Cobblestone'/33544, l='world', x=448.95, y=249.32, z=398.74]
[05:01:16] [Server thread/WARN]: Fetching packet for removed entity atx['Cobblestone'/33545, l='world', x=448.95, y=249.32, z=398.74]
[05:01:21] [Server thread/INFO]: <Seki_Kun, Ethegary Dominion> B
[05:02:49] [Server thread/WARN]: Can't keep up! Is the server overloaded? Running 3132ms or 62 ticks behind
[05:04:03] [Server thread/INFO]: <King th0nk, Old Kingdom> F
[05:06:01] [Server thread/INFO]: Seki_Kun, Ethegary Dominion was squished too much
[05:06:06] [Server thread/INFO]: <King th0nk, Old Kingdom> damn
[05:06:07] [Server thread/INFO]: <King th0nk, Old Kingdom> F
[05:06:07] [Server thread/INFO]: <Seki_Kun, Ethegary Dominion> SMHHHHHHH
[05:06:20] [Server thread/INFO]: <Seki_Kun, Ethegary Dominion> I don't even know where my bow went
[05:06:24] [Server thread/INFO]: <Seki_Kun, Ethegary Dominion> :\\\\
[05:07:41] [Server thread/INFO]: th0nk lost connection: Disconnected
[05:07:41] [Server thread/INFO]: King th0nk, Old Kingdom left the game
[05:20:02] [Server thread/INFO]: Seki_Kun lost connection: Disconnected
[05:20:02] [Server thread/INFO]: Seki_Kun, Ethegary Dominion left the game
[05:29:51] [User Authenticator #8/INFO]: UUID of player LongLogan2 is 08171360-127b-49d6-8265-f4e0e66bd206
[05:29:51] [Server thread/INFO]: LongLogan2[/67.168.91.76:51133] logged in with entity id 37324 at (488.4104331785009, 67.0, -625.4266822389593)
[05:29:51] [Server thread/INFO]: LongLogan2, Northern Alliance joined the game
[05:31:24] [User Authenticator #9/INFO]: UUID of player th0nk is ee7c66dd-8ad7-457f-a540-65956807aabb
[05:31:24] [Server thread/INFO]: th0nk[/98.225.10.172:62128] logged in with entity id 38135 at (229.30000001192093, 85.0, -43.4989883226333)
[05:31:24] [Server thread/INFO]: King th0nk, Old Kingdom joined the game
[05:31:28] [Server thread/INFO]: <LongLogan2, Northern Alliance> ah
[05:31:29] [Server thread/INFO]: <King th0nk, Old Kingdom> greetings
[05:31:55] [Server thread/INFO]: <LongLogan2, Northern Alliance> im on my way south
[05:32:00] [Server thread/INFO]: <LongLogan2, Northern Alliance> via canal
[05:32:00] [Server thread/INFO]: <King th0nk, Old Kingdom> for what cause
[05:32:02] [Server thread/INFO]: <King th0nk, Old Kingdom> ah
[05:32:06] [Server thread/INFO]: <LongLogan2, Northern Alliance> peepin deepwell
[05:32:16] [Server thread/INFO]: <King th0nk, Old Kingdom> i haven't worked on it since earlier
[05:32:19] [Server thread/INFO]: <King th0nk, Old Kingdom> i been coding
[05:32:32] [Server thread/INFO]: <LongLogan2, Northern Alliance> oh sick
[05:32:46] [Server thread/INFO]: <LongLogan2, Northern Alliance> did you add to the canal these supports?
[05:32:51] [Server thread/INFO]: <King th0nk, Old Kingdom> yes
[05:32:51] [Server thread/WARN]: Can't keep up! Is the server overloaded? Running 2444ms or 48 ticks behind
[05:32:53] [Server thread/INFO]: [King th0nk, Old Kingdom: Set own game mode to Survival Mode]
[05:32:58] [Server thread/INFO]: <King th0nk, Old Kingdom> it's a start
[05:32:59] [Server thread/INFO]: <LongLogan2, Northern Alliance> the fences kinda get in the way
[05:33:04] [Server thread/INFO]: <King th0nk, Old Kingdom> yeah
[05:33:10] [Server thread/INFO]: <King th0nk, Old Kingdom> shut up idiot head haha
[05:33:18] [Server thread/INFO]: <LongLogan2, Northern Alliance> i mean they look great
[05:33:22] [Server thread/INFO]: <LongLogan2, Northern Alliance> but you suck haha
[05:33:37] [Server thread/INFO]: <LongLogan2, Northern Alliance> dude this area is poppin
[05:33:42] [Server thread/INFO]: <King th0nk, Old Kingdom> it really do be
[05:33:50] [Server thread/INFO]: <King th0nk, Old Kingdom> but there's still much to do
[05:33:57] [Server thread/INFO]: <LongLogan2, Northern Alliance> absolutely
[05:34:02] [Server thread/INFO]: <King th0nk, Old Kingdom> i'm gonna make an ocean port
[05:34:05] [Server thread/INFO]: <King th0nk, Old Kingdom> through this mountain
[05:34:11] [Server thread/INFO]: <LongLogan2, Northern Alliance> epic
[05:35:12] [Server thread/INFO]: <LongLogan2, Northern Alliance> i really like the house
[05:35:18] [Server thread/INFO]: <King th0nk, Old Kingdom> thank you
[05:35:20] [Server thread/INFO]: <King th0nk, Old Kingdom> as do i
[05:35:51] [Server thread/INFO]: <LongLogan2, Northern Alliance> ooh epic
[05:36:28] [Server thread/INFO]: <King th0nk, Old Kingdom> i need more spruce
[05:36:48] [Server thread/INFO]: <King th0nk, Old Kingdom> ima sleep frst
[05:42:16] [Server thread/INFO]: <LongLogan2, Northern Alliance> that map is crazy big
[05:42:30] [Server thread/INFO]: <King th0nk, Old Kingdom> the full render?
[05:42:33] [Server thread/INFO]: <LongLogan2, Northern Alliance> yeah
[05:42:37] [Server thread/INFO]: <King th0nk, Old Kingdom> yeah it's wiiiiide
[05:42:54] [Server thread/WARN]: LongLogan2 moved too quickly! 4.032623718357911,1.0,-9.36227341786116
[05:42:54] [Server thread/WARN]: th0nk moved too quickly! 5.971845850251043,0.0,8.184565952887455
[05:42:54] [Server thread/WARN]: Can't keep up! Is the server overloaded? Running 2816ms or 56 ticks behind
[05:47:42] [Server thread/INFO]: [King th0nk, Old Kingdom: Gave 10 [Lantern] to King th0nk, Old Kingdom]
[05:47:57] [Server thread/WARN]: Can't keep up! Is the server overloaded? Running 3329ms or 66 ticks behind
[05:48:29] [Server thread/INFO]: LongLogan2 lost connection: Disconnected
[05:48:29] [Server thread/INFO]: LongLogan2, Northern Alliance left the game
[05:48:37] [User Authenticator #10/INFO]: UUID of player LongLogan2 is 08171360-127b-49d6-8265-f4e0e66bd206
[05:48:37] [Server thread/INFO]: LongLogan2[/67.168.91.76:51167] logged in with entity id 43426 at (820.299999974668, 63.9375002, -422.700000025332)
[05:48:37] [Server thread/INFO]: LongLogan2, Northern Alliance joined the game
[05:48:43] [Server thread/INFO]: <King th0nk, Old Kingdom> wb
[05:48:49] [Server thread/INFO]: <LongLogan2, Northern Alliance> thx horse glitch
[05:52:59] [Server thread/WARN]: Can't keep up! Is the server overloaded? Running 2045ms or 40 ticks behind
[05:56:32] [Server thread/WARN]: Fetching packet for removed entity atx['Air'/45866, l='world', x=883.59, y=79.26, z=-486.78]
[05:57:08] [Server thread/WARN]: Fetching packet for removed entity atx['Air'/46025, l='world', x=883.47, y=79.26, z=-485.55]
[05:58:01] [Server thread/WARN]: th0nk moved too quickly! -3.816925164783356,1.0244240882136921,-9.22725283394088
[06:01:42] [Server thread/INFO]: <King th0nk, Old Kingdom> what's the village by arynnhall
[06:01:44] [Server thread/INFO]: <King th0nk, Old Kingdom> is that arynn
[06:01:49] [Server thread/INFO]: <LongLogan2, Northern Alliance> yeah
[06:01:51] [Server thread/INFO]: <King th0nk, Old Kingdom> dope
[06:02:03] [Server thread/INFO]: <LongLogan2, Northern Alliance> thx
[06:02:19] [Server thread/INFO]: <King th0nk, Old Kingdom> the mountains to the northwest of there are cool and there's a river at the foot of them that looks cool
[06:02:28] [Server thread/INFO]: <LongLogan2, Northern Alliance> yeah that area is so dope
[06:02:45] [Server thread/INFO]: <King th0nk, Old Kingdom> yeah for real, ought to be developed further
[06:02:50] [Server thread/INFO]: <King th0nk, Old Kingdom> that plain could be perfect
[06:02:58] [Server thread/INFO]: <King th0nk, Old Kingdom> mountains to the north, big lake and forests to the south
[06:03:01] [Server thread/WARN]: Can't keep up! Is the server overloaded? Running 2097ms or 41 ticks behind
[06:04:21] [Server thread/INFO]: <LongLogan2, Northern Alliance> barrel recipe minecraft
[06:04:27] [Server thread/INFO]: <King th0nk, Old Kingdom> nice
[06:04:39] [Server thread/INFO]: <LongLogan2, Northern Alliance> epic style lmao
[06:06:00] [Server thread/INFO]: <King th0nk, Old Kingdom> ./cum
[06:08:03] [Server thread/WARN]: th0nk moved too quickly! 6.499583791957605,-4.0,-7.039582599472283
[06:08:18] [Server thread/INFO]: <LongLogan2, Northern Alliance> i made a little port area for bunker hill
[06:08:23] [Server thread/INFO]: <LongLogan2, Northern Alliance> its cute
[06:08:25] [Server thread/INFO]: <King th0nk, Old Kingdom> i'll come peep it
[06:09:54] [Server thread/WARN]: Can't keep up! Is the server overloaded? Running 2015ms or 40 ticks behind
[06:11:58] [Server thread/INFO]: <King th0nk, Old Kingdom> is this forest new
[06:12:13] [Server thread/INFO]: <LongLogan2, Northern Alliance> by the statdium is just a wood farm
[06:12:20] [Server thread/INFO]: <King th0nk, Old Kingdom> wood farm
[06:12:21] [Server thread/INFO]: <King th0nk, Old Kingdom> aka
[06:12:23] [Server thread/INFO]: <King th0nk, Old Kingdom> lil forest
[06:12:30] [Server thread/INFO]: <LongLogan2, Northern Alliance> tomato tomato
[06:12:35] [Server thread/INFO]: <King th0nk, Old Kingdom> data data
[06:12:46] [Server thread/INFO]: <LongLogan2, Northern Alliance> my dad hits me
[06:12:51] [Server thread/INFO]: <King th0nk, Old Kingdom> oh
[06:12:59] [Server thread/INFO]: <LongLogan2, Northern Alliance> its not much
[06:13:02] [Server thread/INFO]: <LongLogan2, Northern Alliance> but its honest work
[06:13:33] [Server thread/INFO]: <King th0nk, Old Kingdom> bunker hill is epic
[06:13:36] [Server thread/INFO]: <King th0nk, Old Kingdom> that castle makes it
[06:13:39] [Server thread/INFO]: <LongLogan2, Northern Alliance> truly
[06:13:51] [Server thread/INFO]: <LongLogan2, Northern Alliance> the castle is my favorite build on this srver
[06:13:57] [Server thread/INFO]: <King th0nk, Old Kingdom> yeah it's fantastic
[06:14:12] [Server thread/INFO]: <LongLogan2, Northern Alliance> its such a perfect spot as well
[06:14:16] [Server thread/INFO]: <King th0nk, Old Kingdom> yeah honestly
[06:14:37] [Server thread/INFO]: <LongLogan2, Northern Alliance> its like a whole ass city
[06:14:40] [Server thread/INFO]: <King th0nk, Old Kingdom> yteah
[06:15:00] [Server thread/INFO]: <King th0nk, Old Kingdom> what do we have here
[06:15:04] [Server thread/INFO]: <LongLogan2, Northern Alliance> what
[06:15:24] [Server thread/INFO]: <King th0nk, Old Kingdom> i found a lil strip mine
[06:15:29] [Server thread/INFO]: <King th0nk, Old Kingdom> the entrance was underwater
[06:15:32] [Server thread/INFO]: <LongLogan2, Northern Alliance> oh yeah idk who did that
[06:17:05] [Server thread/INFO]: <LongLogan2, Northern Alliance> aight its about bedtime
[06:17:10] [Server thread/INFO]: <King th0nk, Old Kingdom> yeah
[06:17:34] [Server thread/INFO]: <LongLogan2, Northern Alliance> damn
[06:17:38] [Server thread/INFO]: <King th0nk, Old Kingdom> yeah agreed
[06:17:53] [Server thread/INFO]: <King th0nk, Old Kingdom> we've cultivated some good lands
[06:17:59] [Server thread/INFO]: <LongLogan2, Northern Alliance> indeed we have
[06:18:17] [Server thread/INFO]: <King th0nk, Old Kingdom> aight i'm bout to head out
[06:18:21] [Server thread/INFO]: <LongLogan2, Northern Alliance> same
[06:18:23] [Server thread/INFO]: <LongLogan2, Northern Alliance> gn gamer
[06:18:26] [Server thread/INFO]: LongLogan2 lost connection: Disconnected
[06:18:26] [Server thread/INFO]: LongLogan2, Northern Alliance left the game
[06:18:35] [Server thread/INFO]: th0nk lost connection: Timed out
[06:18:35] [Server thread/INFO]: King th0nk, Old Kingdom left the game
[06:22:57] [User Authenticator #11/INFO]: UUID of player 9abe is c070391a-158f-46ba-9fd5-538f75c0e5d3
[06:22:57] [Server thread/INFO]: 9abe[/71.220.250.59:64848] logged in with entity id 51801 at (270.59161717517424, 61.0, -146.35143581043792)
[06:22:57] [Server thread/INFO]: 9abe, Ethegary Dominion joined the game
[06:40:11] [Server thread/INFO]: 9abe lost connection: Disconnected
[06:40:11] [Server thread/INFO]: 9abe, Ethegary Dominion left the game
[15:35:27] [User Authenticator #12/INFO]: UUID of player 9abe is c070391a-158f-46ba-9fd5-538f75c0e5d3
[15:35:27] [Server thread/INFO]: 9abe[/71.220.250.59:50242] logged in with entity id 54994 at (276.76249998807907, 63.0, -152.84845532659105)
[15:35:27] [Server thread/INFO]: 9abe, Ethegary Dominion joined the game
[15:35:52] [Server thread/INFO]: 9abe lost connection: Disconnected
[15:35:52] [Server thread/INFO]: 9abe, Ethegary Dominion left the game
[15:37:03] [User Authenticator #13/INFO]: UUID of player 9abe is c070391a-158f-46ba-9fd5-538f75c0e5d3
[15:37:04] [Server thread/INFO]: 9abe[/71.220.250.59:50260] logged in with entity id 55530 at (273.93195054914185, 56.5625, -160.97759697986)
[15:37:04] [Server thread/INFO]: 9abe, Ethegary Dominion joined the game
[15:40:03] [Server thread/WARN]: Fetching packet for removed entity atx['Air'/56362, l='world', x=269.20, y=54.00, z=-170.80]
[15:40:16] [Server thread/WARN]: Fetching packet for removed entity atx['Air'/56374, l='world', x=270.55, y=54.00, z=-169.17]
[15:51:02] [Server thread/INFO]: 9abe, Ethegary Dominion fell from a high place
[15:54:16] [Server thread/INFO]: 9abe lost connection: Disconnected
[15:54:16] [Server thread/INFO]: 9abe, Ethegary Dominion left the game
[16:46:36] [User Authenticator #14/INFO]: UUID of player Seki_Kun is 6b2f1729-5082-4bb7-8896-c83a59986f07
[16:46:36] [Server thread/INFO]: Seki_Kun[/98.192.156.26:50252] logged in with entity id 59218 at (442.03107299013067, 129.0, 397.8987603941385)
[16:46:36] [Server thread/INFO]: Seki_Kun, Ethegary Dominion joined the game
[17:12:03] [Server thread/INFO]: Seki_Kun lost connection: Disconnected
[17:12:03] [Server thread/INFO]: Seki_Kun, Ethegary Dominion left the game
[17:48:57] [User Authenticator #15/INFO]: UUID of player Seki_Kun is 6b2f1729-5082-4bb7-8896-c83a59986f07
[17:48:57] [Server thread/INFO]: Seki_Kun[/98.192.156.26:50551] logged in with entity id 63172 at (4755.219275854459, 72.0, 5538.596750485883)
[17:48:57] [Server thread/INFO]: Seki_Kun, Ethegary Dominion joined the game
[17:53:05] [Server thread/WARN]: Seki_Kun moved too quickly! 0.06096986463620624,-4.231523797587016,9.169272714485885
[18:50:02] [Server thread/INFO]: Seki_Kun lost connection: Disconnected
[18:50:02] [Server thread/INFO]: Seki_Kun, Ethegary Dominion left the game
[18:52:23] [User Authenticator #16/INFO]: UUID of player Seki_Kun is 6b2f1729-5082-4bb7-8896-c83a59986f07
[18:52:23] [Server thread/INFO]: Seki_Kun[/98.192.156.26:51178] logged in with entity id 75103 at (4726.871337598328, 73.0, 5532.444466651791)
[18:52:23] [Server thread/INFO]: Seki_Kun, Ethegary Dominion joined the game
[18:55:44] [Server thread/INFO]: Seki_Kun lost connection: Disconnected
[18:55:44] [Server thread/INFO]: Seki_Kun, Ethegary Dominion left the game
[19:01:23] [User Authenticator #17/INFO]: UUID of player Seki_Kun is 6b2f1729-5082-4bb7-8896-c83a59986f07
[19:01:24] [Server thread/INFO]: Seki_Kun[/98.192.156.26:51373] logged in with entity id 76116 at (451.5, 121.0, 397.5)
[19:01:24] [Server thread/INFO]: Seki_Kun, Ethegary Dominion joined the game
[19:04:42] [Server thread/INFO]: <Seki_Kun, Ethegary Dominion> 3 5 3 1 2 1 2 1 6 4 2 2 2 2 1 1 1 1 - 4 4 2 2 1 2 1 1
[19:04:54] [Server thread/INFO]: <Seki_Kun, Ethegary Dominion> 3 5 3 1 2 1 2 1 - - 6 4 2 2 2 2 1 1 1 1 - 4 4 2 2 1 2 1 1
[19:05:17] [Server thread/INFO]: <Seki_Kun, Ethegary Dominion> 3 5 3 1 2 1 2 1 - - 6 4 2 2 2 2 1 1 1 1 - 4 4 2 2 1 2 1 1
[19:14:59] [Server thread/INFO]: Seki_Kun, Ethegary Dominion fell from a high place
[19:15:12] [Server thread/INFO]: <Seki_Kun, Ethegary Dominion> smh
[19:17:17] [Server thread/INFO]: <Seki_Kun, Ethegary Dominion> 6 4 2 2 2 2 1 1 1 1 - 4 4 2 2 1 2 1 1
[19:19:19] [Server thread/INFO]: Seki_Kun lost connection: Disconnected
[19:19:19] [Server thread/INFO]: Seki_Kun, Ethegary Dominion left the game
[19:41:41] [User Authenticator #18/INFO]: UUID of player th0nk is ee7c66dd-8ad7-457f-a540-65956807aabb
[19:41:42] [Server thread/INFO]: th0nk[/98.225.10.172:51588] logged in with entity id 78435 at (702.7380420171567, 65.0, -393.193068274174)
[19:41:42] [Server thread/INFO]: King th0nk, Old Kingdom joined the game
[19:46:10] [Server thread/INFO]: th0nk lost connection: Disconnected
[19:46:10] [Server thread/INFO]: King th0nk, Old Kingdom left the game
[20:44:41] [User Authenticator #19/INFO]: UUID of player Seki_Kun is 6b2f1729-5082-4bb7-8896-c83a59986f07
[20:44:41] [Server thread/INFO]: Seki_Kun[/98.192.156.26:52255] logged in with entity id 80279 at (419.4565074415345, 250.0, 395.3618619943372)
[20:44:41] [Server thread/INFO]: Seki_Kun, Ethegary Dominion joined the game
[20:47:37] [Server thread/INFO]: <Seki_Kun, Ethegary Dominion> 7 3 3 2 1 2 1 1 1 - 4 3 3 1 2 1 1 1
[20:50:04] [Server thread/INFO]: <Seki_Kun, Ethegary Dominion> 6 4 2 2 2 2 1 1 1 1 - 4 4 2 2 1 2 1 1 - - 7 3 3 2 1 2 1 1 1 - 4 3 3 1 2 1 1 1
[20:50:50] [Server thread/INFO]: <Seki_Kun, Ethegary Dominion> 6 4 2 2 2 2 1 1 1 1 - 4 4 2 2 1 2 1 1 - - 7 3 3 2 1 2 1 1 1 - 4 3 3 1 2 1 1 1
[20:55:45] [Server thread/INFO]: Seki_Kun, Ethegary Dominion burned to death
[21:03:28] [Server thread/INFO]: <Seki_Kun, Ethegary Dominion> 7 3 3 2 1 2 1 1 1 - 4 3 3 1 2 1 1 1
[21:13:23] [Server thread/INFO]: <Seki_Kun, Ethegary Dominion> 4 4 2 2 1 2 1 1 - 4 3 3 1 2 1 1 1
[21:24:08] [Server thread/INFO]: <Seki_Kun, Ethegary Dominion> 4 3 3 1 2 1 1 1
[21:38:30] [Server thread/INFO]: Seki_Kun lost connection: Disconnected
[21:38:30] [Server thread/INFO]: Seki_Kun, Ethegary Dominion left the game
[21:40:41] [User Authenticator #20/INFO]: UUID of player Seki_Kun is 6b2f1729-5082-4bb7-8896-c83a59986f07
[21:40:41] [Server thread/INFO]: Seki_Kun[/98.192.156.26:55672] logged in with entity id 83790 at (436.9942610128397, 247.0, 372.70397443083846)
[21:40:41] [Server thread/INFO]: Seki_Kun, Ethegary Dominion joined the game
[21:51:46] [Server thread/WARN]: Seki_Kun moved wrongly!
[21:52:04] [Server thread/WARN]: Can't keep up! Is the server overloaded? Running 2084ms or 41 ticks behind
[21:53:45] [Server thread/WARN]: Seki_Kun moved wrongly!
[21:53:46] [Server thread/WARN]: Seki_Kun moved wrongly!
[21:54:31] [Server thread/WARN]: Seki_Kun moved too quickly! 4.538222112529979,-8.584354139212536,4.458793040115303
[21:54:31] [Server thread/WARN]: Can't keep up! Is the server overloaded? Running 2219ms or 44 ticks behind
[21:56:35] [Server thread/WARN]: Can't keep up! Is the server overloaded? Running 2402ms or 48 ticks behind
[21:56:43] [Server thread/WARN]: Seki_Kun moved wrongly!
[21:56:44] [Server thread/WARN]: Seki_Kun moved wrongly!
[21:57:04] [Server thread/WARN]: Seki_Kun moved wrongly!
[21:57:31] [Server thread/WARN]: Seki_Kun moved wrongly!
[21:57:43] [Server thread/WARN]: Seki_Kun moved wrongly!
[21:58:12] [Server thread/WARN]: Can't keep up! Is the server overloaded? Running 2374ms or 47 ticks behind
[21:59:33] [Server thread/WARN]: Seki_Kun moved wrongly!
[22:03:14] [Server thread/WARN]: Seki_Kun moved too quickly! 9.639695276297005,0.5237299463969975,-3.5447816083170665
[22:16:58] [Server thread/WARN]: Seki_Kun moved wrongly!
[22:17:37] [Server thread/WARN]: Seki_Kun moved wrongly!
[22:22:10] [Server thread/WARN]: Seki_Kun moved too quickly! 0.0,0.0,-14.445416966158064
[22:22:10] [Server thread/WARN]: Seki_Kun moved too quickly! 0.0,0.0,-16.22156502715606
[22:22:12] [Server thread/WARN]: Seki_Kun moved too quickly! 0.0,0.0,-10.034147323658708
[22:22:14] [Server thread/WARN]: Seki_Kun moved too quickly! -14.389228181474891,0.0,-0.2666459066479465
[22:22:15] [Server thread/WARN]: Seki_Kun moved too quickly! -16.222376580605214,0.0,0.06765247672237074
[22:22:16] [Server thread/WARN]: Seki_Kun moved too quickly! -16.219972410341597,0.0,0.009301536450518455
[22:22:17] [Server thread/WARN]: Seki_Kun moved too quickly! -17.960090687943165,0.0,0.0
[22:22:17] [Server thread/WARN]: Seki_Kun moved too quickly! -14.404943241747276,0.0,0.0
[22:22:18] [Server thread/WARN]: Seki_Kun moved too quickly! -14.956662833702936,0.0,0.0
[22:22:20] [Server thread/WARN]: Seki_Kun moved wrongly!
[22:22:49] [Server thread/WARN]: Seki_Kun moved too quickly! 2.0056199718353014,14.066879999999998,-6.065768699463661
[22:22:50] [Server thread/WARN]: Seki_Kun moved too quickly! -8.534182622136768,0.02047916821706508,-13.892839359880696
[22:22:51] [Server thread/WARN]: Seki_Kun moved wrongly!
[22:23:00] [Server thread/WARN]: Seki_Kun moved wrongly!
[22:23:05] [Server thread/WARN]: Seki_Kun moved too quickly! 8.39667471519192,0.0,-19.825916724927197
[22:23:22] [Server thread/WARN]: Seki_Kun moved wrongly!
[22:24:03] [Server thread/WARN]: Seki_Kun moved too quickly! 0.8470309621835099,0.0,16.838172258419718
[22:24:42] [Server thread/WARN]: Seki_Kun moved wrongly!
[22:24:56] [Server thread/WARN]: Seki_Kun moved too quickly! -0.37114506477627174,22.63888835906198,-0.596169507617418
[22:28:14] [Server thread/WARN]: Seki_Kun moved too quickly! -7.882125793762782,-2.3245612398704907,-5.981550077796271
[22:28:14] [Server thread/WARN]: Can't keep up! Is the server overloaded? Running 2069ms or 41 ticks behind
[22:28:19] [Server thread/WARN]: Seki_Kun moved too quickly! -13.976330228190932,10.928301020443726,-6.16634242467569
[22:28:19] [Server thread/WARN]: Seki_Kun moved too quickly! -4.735048383511355,0.008213322047780025,-9.32230803174841
[22:28:21] [Server thread/WARN]: Seki_Kun moved wrongly!
[22:28:23] [Server thread/WARN]: Seki_Kun moved too quickly! 0.709278017572899,0.01068827118145066,10.943920035259183
[22:28:24] [Server thread/WARN]: Seki_Kun moved too quickly! -3.106924716109404,0.0,20.258082721842044
[22:28:29] [Server thread/WARN]: Seki_Kun moved wrongly!
[22:29:40] [Server thread/WARN]: Seki_Kun moved too quickly! -0.43119253254468504,0.0,-15.085994692858307
[22:29:41] [Server thread/WARN]: Seki_Kun moved too quickly! -0.6544587182508224,0.0,-19.664939508381202
[22:29:42] [Server thread/WARN]: Seki_Kun moved too quickly! -0.5945860997323678,0.0,-15.192633057544995
[22:29:44] [Server thread/WARN]: Seki_Kun moved too quickly! 0.8395844084957105,0.0,-14.888554887959742
[22:30:16] [Server thread/WARN]: Seki_Kun moved wrongly!
[22:35:12] [Server thread/WARN]: Seki_Kun moved too quickly! 13.669263270564102,0.0,-7.931577108271711
[22:35:14] [Server thread/WARN]: Seki_Kun moved too quickly! 7.414963259442004,0.0,-18.934169411785206
[22:35:25] [Server thread/WARN]: Seki_Kun moved too quickly! 12.45451406785918,0.0,-17.748128735211594
[22:35:32] [Server thread/WARN]: Seki_Kun moved wrongly!
[22:36:19] [Server thread/WARN]: Seki_Kun moved too quickly! -9.793709702940987,0.0,16.99138959612867
[22:36:24] [Server thread/WARN]: Seki_Kun moved wrongly!
[22:36:31] [Server thread/WARN]: Seki_Kun moved wrongly!
[22:36:40] [Server thread/WARN]: Seki_Kun moved too quickly! 2.8712321987864016,0.0,12.623289951373735
[22:38:16] [Server thread/WARN]: Seki_Kun moved too quickly! 7.218291386409476,0.0,-16.769964964148016
[22:38:16] [Server thread/WARN]: Can't keep up! Is the server overloaded? Running 2172ms or 43 ticks behind
[22:38:35] [Server thread/WARN]: Seki_Kun moved wrongly!
[22:39:34] [Server thread/WARN]: Seki_Kun moved too quickly! 17.04475033467382,0.0,0.11764053480185055
[22:39:34] [Server thread/WARN]: Seki_Kun moved too quickly! 14.97279969203666,0.0,0.0
[22:39:37] [Server thread/WARN]: Seki_Kun moved too quickly! 14.464180911209667,0.0,0.0
[22:39:38] [Server thread/WARN]: Seki_Kun moved too quickly! 14.17923895891829,0.0,0.23320202879782315
[22:39:40] [Server thread/WARN]: Seki_Kun moved too quickly! -0.09858906382049781,0.0,14.605631179794472
[22:39:41] [Server thread/WARN]: Seki_Kun moved too quickly! -0.11660361140508257,0.0,14.636006697038567
[22:39:58] [Server thread/WARN]: Seki_Kun moved wrongly!
[22:41:12] [Server thread/WARN]: Seki_Kun moved wrongly!
[22:41:12] [Server thread/WARN]: Seki_Kun moved wrongly!
[22:41:12] [Server thread/WARN]: Seki_Kun moved wrongly!
[22:41:12] [Server thread/WARN]: Seki_Kun moved wrongly!
[22:41:13] [Server thread/WARN]: Seki_Kun moved wrongly!
[22:41:13] [Server thread/WARN]: Seki_Kun moved wrongly!
[22:41:14] [Server thread/WARN]: Seki_Kun moved wrongly!
[22:41:14] [Server thread/WARN]: Seki_Kun moved wrongly!
[22:41:14] [Server thread/WARN]: Seki_Kun moved wrongly!
[22:41:14] [Server thread/WARN]: Seki_Kun moved wrongly!
[22:41:52] [Server thread/WARN]: Seki_Kun moved too quickly! 16.763288392858556,0.0,-0.1755640777288363
[22:43:23] [Server thread/WARN]: Seki_Kun moved too quickly! -0.285918277238693,0.0,-17.03808652246346
[22:43:49] [Server thread/WARN]: Seki_Kun moved too quickly! -0.12393758062120241,0.0,-20.104258522088344
[22:43:50] [Server thread/WARN]: Seki_Kun moved too quickly! -0.04332761923240014,0.0,-16.233014611997845
[22:43:51] [Server thread/WARN]: Seki_Kun moved too quickly! -0.1514348739439697,0.0,-15.042568106901626
[22:43:51] [Server thread/WARN]: Seki_Kun moved too quickly! 0.0,0.0,-14.352876818162784
[22:43:52] [Server thread/WARN]: Seki_Kun moved too quickly! -0.051087189307168046,0.0,-10.09916086211132
[22:43:54] [Server thread/WARN]: Seki_Kun moved too quickly! -14.342423554390223,0.0,0.0
[22:43:55] [Server thread/WARN]: Seki_Kun moved too quickly! -15.870945365370119,0.0,0.0
[22:43:55] [Server thread/WARN]: Seki_Kun moved too quickly! -15.386687125413772,0.0,-0.17751840361386861
[22:43:57] [Server thread/WARN]: Seki_Kun moved too quickly! -15.85632463216664,0.0,0.0
[22:44:22] [Server thread/WARN]: Seki_Kun moved wrongly!
[22:44:44] [Server thread/WARN]: Can't keep up! Is the server overloaded? Running 2125ms or 42 ticks behind
[22:44:49] [Server thread/WARN]: Seki_Kun moved too quickly! -14.231052986886425,0.782456813442991,-5.7674107954885585
[22:46:40] [Server thread/WARN]: Seki_Kun moved too quickly! -6.00203101381112,9.363444225311284,-10.322864078223517
[22:46:46] [Server thread/WARN]: Seki_Kun moved too quickly! -15.076547233869405,0.0,-0.5789935597802582
[22:46:46] [Server thread/WARN]: Seki_Kun moved too quickly! -13.68657071174016,0.0,-7.016411930144443
[22:46:47] [Server thread/WARN]: Seki_Kun moved too quickly! -8.154012838828748,0.0,-7.581998556409246
[22:46:47] [Server thread/WARN]: Seki_Kun moved too quickly! -10.12224749513257,0.0,-14.046639737445958
[22:46:48] [Server thread/WARN]: Seki_Kun moved too quickly! -10.493509974634208,0.0,-10.779055194118655
[22:46:50] [Server thread/WARN]: Seki_Kun moved too quickly! 16.689055298509402,0.0,11.14326046301835
[22:46:51] [Server thread/WARN]: Seki_Kun moved too quickly! 15.456954096011714,0.0,8.978264108666963
[22:51:38] [Server thread/WARN]: Seki_Kun moved too quickly! -8.751882616820865,0.0,-6.288591719114152
[22:51:48] [Server thread/WARN]: Seki_Kun moved wrongly!
[22:52:55] [Server thread/WARN]: Seki_Kun moved wrongly!
[22:53:20] [Server thread/WARN]: Can't keep up! Is the server overloaded? Running 2011ms or 40 ticks behind
[22:55:13] [Server thread/WARN]: Seki_Kun moved wrongly!
[22:55:51] [Server thread/WARN]: Seki_Kun moved wrongly!
[22:55:51] [Server thread/WARN]: Seki_Kun moved wrongly!
[22:56:07] [Server thread/WARN]: Seki_Kun moved too quickly! 0.3890116466182576,0.0,-14.69186649962785
[22:56:08] [Server thread/WARN]: Seki_Kun moved too quickly! -0.5384342359282073,0.0,-20.107574870066173
[22:56:11] [Server thread/WARN]: Seki_Kun moved too quickly! 0.39515242130482875,0.0,10.77066891531058
[22:56:11] [Server thread/WARN]: Seki_Kun moved too quickly! -0.45421825094985024,0.0,21.7393427663485
[22:56:12] [Server thread/WARN]: Seki_Kun moved too quickly! 0.15729751278269077,0.0,21.744196757543932
[22:56:13] [Server thread/WARN]: Seki_Kun moved too quickly! 0.18978326502173104,0.0,22.493893364807263
[22:56:13] [Server thread/WARN]: Seki_Kun moved too quickly! 0.14045220174159567,0.0,16.646972790071914
[22:56:13] [Server thread/WARN]: Seki_Kun moved too quickly! 0.15276879487925044,0.0,18.10678608090734
[22:56:14] [Server thread/WARN]: Seki_Kun moved too quickly! 0.12691748439794992,0.0,15.042782406814695
[22:56:14] [Server thread/WARN]: Seki_Kun moved too quickly! 0.13588170991477,0.0,16.1052592951321
[22:56:15] [Server thread/WARN]: Seki_Kun moved too quickly! 0.16977879026597975,0.0,20.122880715602946
[22:56:17] [Server thread/WARN]: Seki_Kun moved too quickly! -0.3763981724729888,0.0,14.942656313661132
[22:56:18] [Server thread/WARN]: Seki_Kun moved too quickly! -9.494374652506565,0.0,11.717453856815496
[22:56:19] [Server thread/WARN]: Seki_Kun moved too quickly! -10.707278269492022,0.0,10.15705643191501
[22:56:21] [Server thread/WARN]: Seki_Kun moved too quickly! -10.875057358441445,0.0,10.24296313859827
[22:56:26] [Server thread/WARN]: Seki_Kun moved too quickly! 5.92886195805348,0.0,13.530602066044537
[23:01:38] [Server thread/WARN]: Seki_Kun moved too quickly! 14.468022151714734,0.0,5.937777430690382
[23:01:43] [Server thread/WARN]: Seki_Kun moved too quickly! 14.94086697370949,0.0,-0.14678625682492452
[23:01:54] [Server thread/WARN]: Seki_Kun moved too quickly! -14.949788250871961,0.0,-1.2957556236301428
[23:01:56] [Server thread/WARN]: Seki_Kun moved too quickly! -11.435908154085212,0.0,-10.045174892574067
[23:02:36] [Server thread/WARN]: Seki_Kun moved too quickly! 16.386961358960377,0.0,0.0
[23:02:38] [Server thread/WARN]: Seki_Kun moved too quickly! 14.867534771473288,0.0,0.0
[23:02:40] [Server thread/WARN]: Seki_Kun moved too quickly! -0.02878827674379636,0.0,14.51472172374146
[23:02:47] [Server thread/WARN]: Seki_Kun moved too quickly! 9.495807175631683,11.728754116302355,3.9328902228388074
[23:04:58] [Server thread/WARN]: Seki_Kun moved wrongly!
[23:09:46] [Server thread/WARN]: Seki_Kun moved too quickly! 6.274087672495455,5.726449684764987,-6.559300318479131
[23:12:42] [Server thread/WARN]: Seki_Kun moved wrongly!
[23:12:45] [Server thread/WARN]: Seki_Kun moved too quickly! 0.0,0.0,15.273159786708334
[23:13:13] [Server thread/WARN]: Can't keep up! Is the server overloaded? Running 2604ms or 52 ticks behind
[23:13:19] [Server thread/INFO]: Seki_Kun, Ethegary Dominion has completed the challenge [Subspace Bubble]
[23:15:50] [Server thread/WARN]: Seki_Kun moved wrongly!
[23:18:25] [Server thread/WARN]: Seki_Kun moved too quickly! -6.1781474777435506,-4.824250386902747,9.572776157524913
[23:18:25] [Server thread/WARN]: Can't keep up! Is the server overloaded? Running 2055ms or 41 ticks behind
[23:18:39] [Server thread/WARN]: Seki_Kun moved wrongly!
[23:18:39] [Server thread/WARN]: Seki_Kun moved wrongly!
[23:18:40] [Server thread/WARN]: Seki_Kun moved wrongly!
[23:18:41] [Server thread/WARN]: Seki_Kun moved wrongly!
[23:18:44] [Server thread/WARN]: Seki_Kun moved wrongly!
[23:18:44] [Server thread/WARN]: Seki_Kun moved wrongly!
[23:18:45] [Server thread/WARN]: Seki_Kun moved wrongly!
[23:18:45] [Server thread/WARN]: Seki_Kun moved wrongly!
[23:18:46] [Server thread/WARN]: Seki_Kun moved wrongly!
[23:18:46] [Server thread/WARN]: Seki_Kun moved wrongly!
[23:18:46] [Server thread/WARN]: Seki_Kun moved wrongly!
[23:19:14] [Server thread/WARN]: Seki_Kun moved wrongly!
[23:19:17] [Server thread/WARN]: Seki_Kun moved too quickly! 0.0,0.0,-15.695161458790608
[23:20:13] [Server thread/WARN]: Seki_Kun moved too quickly! 0.0,-25.2220182080099,0.0
[23:20:56] [Server thread/WARN]: Seki_Kun moved too quickly! -23.629335943326623,0.06951952901648895,7.924539973122592
[23:20:59] [Server thread/WARN]: Seki_Kun moved too quickly! -14.217497655467923,0.0,-0.5164001234034004
[23:21:00] [Server thread/WARN]: Seki_Kun moved too quickly! 17.36831479689772,0.0,0.18716638219757442
[23:21:01] [Server thread/WARN]: Seki_Kun moved too quickly! 20.896503142775146,0.0,0.2624627492186846
[23:21:01] [Server thread/WARN]: Seki_Kun moved too quickly! 15.226710662631376,0.0,0.19124943129372696
[23:21:02] [Server thread/WARN]: Seki_Kun moved too quickly! 19.67271783349497,0.0,0.25570514599439775
[23:21:02] [Server thread/WARN]: Seki_Kun moved too quickly! 16.850515498268578,0.0,0.211644627487658
[23:21:03] [Server thread/WARN]: Seki_Kun moved too quickly! 15.226710662631376,0.0,0.19124943129372696
[23:21:03] [Server thread/WARN]: Seki_Kun moved too quickly! 16.097829045465915,0.0,0.4141440806970422
[23:21:04] [Server thread/WARN]: Seki_Kun moved too quickly! 14.63418832007028,0.0,0.4378776008688874
[23:21:06] [Server thread/WARN]: Seki_Kun moved too quickly! 15.602474045183953,0.0,0.22423622327823978
[23:21:08] [Server thread/WARN]: Seki_Kun moved too quickly! 15.926262040726215,0.0,0.28243207524610625
[23:25:20] [Server thread/INFO]: Seki_Kun lost connection: Disconnected
[23:25:20] [Server thread/INFO]: Seki_Kun, Ethegary Dominion left the game
